\BOOKMARK [1][-]{section.1}{Q1: Traceroute Working}{}% 1
\BOOKMARK [2][-]{subsection.1.1}{if there was no TTL field}{section.1}% 2
\BOOKMARK [2][-]{subsection.1.2}{routers in between determine whether the TTL value limit has reached}{section.1}% 3
\BOOKMARK [2][-]{subsection.1.3}{ICMP TTL exceeded message}{section.1}% 4
\BOOKMARK [2][-]{subsection.1.4}{traceroute make use of a destination UDP port number}{section.1}% 5
\BOOKMARK [2][-]{subsection.1.5}{the address of all the routers}{section.1}% 6
\BOOKMARK [2][-]{subsection.1.6}{traceroute latency}{section.1}% 7
\BOOKMARK [1][-]{section.2}{Q2: traceroute command with www/yahoo.com as argument}{}% 8
\BOOKMARK [1][-]{section.3}{Q3: output of tcpdump on TraceRoute}{}% 9
\BOOKMARK [2][-]{subsection.3.1}{A}{section.3}% 10
\BOOKMARK [2][-]{subsection.3.2}{B}{section.3}% 11
\BOOKMARK [2][-]{subsection.3.3}{C}{section.3}% 12
\BOOKMARK [1][-]{section.4}{Q4: Visual traceroute command}{}% 13
\BOOKMARK [1][-]{section.5}{Q5: firewall in the way}{}% 14
\BOOKMARK [1][-]{section.6}{Q6: last IP address in traceRoute list indicate}{}% 15
\BOOKMARK [1][-]{section.7}{Q7: ping program}{}% 16
\BOOKMARK [1][-]{section.8}{Q8: shell script that uses ping to simulate the working of traceroute}{}% 17
\BOOKMARK [1][-]{section.9}{Q9: ping sweep}{}% 18
\BOOKMARK [2][-]{subsection.9.1}{NMAP}{section.9}% 19
\BOOKMARK [2][-]{subsection.9.2}{fping}{section.9}% 20
\BOOKMARK [2][-]{subsection.9.3}{Tcp Ping Scan}{section.9}% 21
\BOOKMARK [2][-]{subsection.9.4}{Simple Bash Loop}{section.9}% 22
