\BOOKMARK [1][-]{section.1}{Q1: Examine the following files in Linux}{}% 1
\BOOKMARK [2][-]{subsection.1.1}{/etc/hosts}{section.1}% 2
\BOOKMARK [2][-]{subsection.1.2}{/etc/sysconfig/network}{section.1}% 3
\BOOKMARK [2][-]{subsection.1.3}{/etc/sysconfig/network-scripts/ifcfg-eth0}{section.1}% 4
\BOOKMARK [2][-]{subsection.1.4}{/etc/default-route}{section.1}% 5
\BOOKMARK [2][-]{subsection.1.5}{/etc/resolv.conf}{section.1}% 6
\BOOKMARK [2][-]{subsection.1.6}{/etc/nsswitch.conf}{section.1}% 7
\BOOKMARK [1][-]{section.2}{Q2: Info about /etc/services File}{}% 8
\BOOKMARK [1][-]{section.3}{Q3: MAN Pages}{}% 9
\BOOKMARK [1][-]{section.4}{Q4: TCPDUMP TRAFFIC}{}% 10
\BOOKMARK [2][-]{subsection.4.1}{Request}{section.4}% 11
\BOOKMARK [2][-]{subsection.4.2}{Response}{section.4}% 12
\BOOKMARK [1][-]{section.5}{Q5: tcpdump -enx -w exe5.out}{}% 13
\BOOKMARK [1][-]{section.6}{Q6: tcpdump -enx -w exe5.out}{}% 14
\BOOKMARK [2][-]{subsection.6.1}{A}{section.6}% 15
\BOOKMARK [2][-]{subsection.6.2}{B}{section.6}% 16
\BOOKMARK [1][-]{section.7}{Q7: ARP}{}% 17
\BOOKMARK [2][-]{subsection.7.1}{Request}{section.7}% 18
\BOOKMARK [2][-]{subsection.7.2}{Reply}{section.7}% 19
\BOOKMARK [2][-]{subsection.7.3}{A}{section.7}% 20
\BOOKMARK [2][-]{subsection.7.4}{B}{section.7}% 21
\BOOKMARK [2][-]{subsection.7.5}{C}{section.7}% 22
\BOOKMARK [1][-]{section.8}{Q8: TCPDUMP Expressions}{}% 23
\BOOKMARK [2][-]{subsection.8.1}{tcpdump udp port 520}{section.8}% 24
\BOOKMARK [2][-]{subsection.8.2}{tcpdump -x -s 120 ip proto 89}{section.8}% 25
\BOOKMARK [2][-]{subsection.8.3}{tcpdump -x -s 70 host ip addr1 and \(ip addr2 or ip addr3\)}{section.8}% 26
\BOOKMARK [2][-]{subsection.8.4}{tcpdump -x -s 70 host ip addr1 and not ip addr2}{section.8}% 27
\BOOKMARK [1][-]{section.9}{Q9: tcpdump -n -nn host your host and remote host}{}% 28
\BOOKMARK [2][-]{subsection.9.1}{port numbers used by the remote and the local computer}{section.9}% 29
\BOOKMARK [2][-]{subsection.9.2}{Which machine port number matches the port number listed for telnet in the /etc/services file}{section.9}% 30
\BOOKMARK [1][-]{section.10}{Q10: tcpdump -n -nn host your host and remote host}{}% 31
\BOOKMARK [2][-]{subsection.10.1}{A}{section.10}% 32
\BOOKMARK [2][-]{subsection.10.2}{B}{section.10}% 33
\BOOKMARK [2][-]{subsection.10.3}{C}{section.10}% 34
